2014/06/11 22:49:44 [error] [exception.CException] exception 'CException' with message 'CAssetManager.basePath "/Applications/MAMP/htdocs/SavantP/savant_fabogesic/app/assets" is invalid. Please make sure the directory exists and is writable by the Web server process.' in /Applications/MAMP/htdocs/SavantP/savant_fabogesic/framework/web/CAssetManager.php:138
Stack trace:
#0 /Applications/MAMP/htdocs/SavantP/savant_fabogesic/framework/web/CAssetManager.php(123): CAssetManager->setBasePath('/Applications/M...')
#1 /Applications/MAMP/htdocs/SavantP/savant_fabogesic/framework/web/CAssetManager.php(217): CAssetManager->getBasePath()
#2 /Applications/MAMP/htdocs/SavantP/savant_fabogesic/framework/web/CClientScript.php(511): CAssetManager->publish('/Applications/M...')
#3 /Applications/MAMP/htdocs/SavantP/savant_fabogesic/framework/web/CClientScript.php(548): CClientScript->getCoreScriptUrl()
#4 /Applications/MAMP/htdocs/SavantP/savant_fabogesic/framework/web/CClientScript.php(349): CClientScript->getPackageBaseUrl('jquery')
#5 /Applications/MAMP/htdocs/SavantP/savant_fabogesic/framework/web/CClientScript.php(208): CClientScript->renderCoreScripts()
#6 /Applications/MAMP/htdocs/SavantP/savant_fabogesic/framework/web/CController.php(351): CClientScript->render('<!DOCTYPE html>...')
#7 /Applications/MAMP/htdocs/SavantP/savant_fabogesic/framework/web/CController.php(788): CController->processOutput('<!DOCTYPE html>...')
#8 /Applications/MAMP/htdocs/SavantP/savant_fabogesic/app/protected/controllers/SiteController.php(72): CController->render('contact', Array)
#9 /Applications/MAMP/htdocs/SavantP/savant_fabogesic/framework/web/actions/CInlineAction.php(49): SiteController->actionContact()
#10 /Applications/MAMP/htdocs/SavantP/savant_fabogesic/framework/web/CController.php(308): CInlineAction->runWithParams(Array)
#11 /Applications/MAMP/htdocs/SavantP/savant_fabogesic/framework/web/CController.php(286): CController->runAction(Object(CInlineAction))
#12 /Applications/MAMP/htdocs/SavantP/savant_fabogesic/framework/web/CController.php(265): CController->runActionWithFilters(Object(CInlineAction), Array)
#13 /Applications/MAMP/htdocs/SavantP/savant_fabogesic/framework/web/CWebApplication.php(282): CController->run('contact')
#14 /Applications/MAMP/htdocs/SavantP/savant_fabogesic/framework/web/CWebApplication.php(141): CWebApplication->runController('site/contact')
#15 /Applications/MAMP/htdocs/SavantP/savant_fabogesic/framework/base/CApplication.php(184): CWebApplication->processRequest()
#16 /Applications/MAMP/htdocs/SavantP/savant_fabogesic/app/index.php(13): CApplication->run()
#17 {main}
REQUEST_URI=/SavantP/savant_fabogesic/app/index.php?r=site/contact
HTTP_REFERER=http://localhost/SavantP/savant_fabogesic/app/index.php?r=site/page&view=about
---
2014/06/11 22:49:57 [error] [exception.CException] exception 'CException' with message 'CAssetManager.basePath "/Applications/MAMP/htdocs/SavantP/savant_fabogesic/app/assets" is invalid. Please make sure the directory exists and is writable by the Web server process.' in /Applications/MAMP/htdocs/SavantP/savant_fabogesic/framework/web/CAssetManager.php:138
Stack trace:
#0 /Applications/MAMP/htdocs/SavantP/savant_fabogesic/framework/web/CAssetManager.php(123): CAssetManager->setBasePath('/Applications/M...')
#1 /Applications/MAMP/htdocs/SavantP/savant_fabogesic/framework/web/CAssetManager.php(217): CAssetManager->getBasePath()
#2 /Applications/MAMP/htdocs/SavantP/savant_fabogesic/framework/web/CClientScript.php(511): CAssetManager->publish('/Applications/M...')
#3 /Applications/MAMP/htdocs/SavantP/savant_fabogesic/framework/web/CClientScript.php(548): CClientScript->getCoreScriptUrl()
#4 /Applications/MAMP/htdocs/SavantP/savant_fabogesic/framework/web/CClientScript.php(349): CClientScript->getPackageBaseUrl('jquery')
#5 /Applications/MAMP/htdocs/SavantP/savant_fabogesic/framework/web/CClientScript.php(208): CClientScript->renderCoreScripts()
#6 /Applications/MAMP/htdocs/SavantP/savant_fabogesic/framework/web/CController.php(351): CClientScript->render('<!DOCTYPE html>...')
#7 /Applications/MAMP/htdocs/SavantP/savant_fabogesic/framework/web/CController.php(788): CController->processOutput('<!DOCTYPE html>...')
#8 /Applications/MAMP/htdocs/SavantP/savant_fabogesic/app/protected/controllers/SiteController.php(72): CController->render('contact', Array)
#9 /Applications/MAMP/htdocs/SavantP/savant_fabogesic/framework/web/actions/CInlineAction.php(49): SiteController->actionContact()
#10 /Applications/MAMP/htdocs/SavantP/savant_fabogesic/framework/web/CController.php(308): CInlineAction->runWithParams(Array)
#11 /Applications/MAMP/htdocs/SavantP/savant_fabogesic/framework/web/CController.php(286): CController->runAction(Object(CInlineAction))
#12 /Applications/MAMP/htdocs/SavantP/savant_fabogesic/framework/web/CController.php(265): CController->runActionWithFilters(Object(CInlineAction), Array)
#13 /Applications/MAMP/htdocs/SavantP/savant_fabogesic/framework/web/CWebApplication.php(282): CController->run('contact')
#14 /Applications/MAMP/htdocs/SavantP/savant_fabogesic/framework/web/CWebApplication.php(141): CWebApplication->runController('site/contact')
#15 /Applications/MAMP/htdocs/SavantP/savant_fabogesic/framework/base/CApplication.php(184): CWebApplication->processRequest()
#16 /Applications/MAMP/htdocs/SavantP/savant_fabogesic/app/index.php(13): CApplication->run()
#17 {main}
REQUEST_URI=/SavantP/savant_fabogesic/app/index.php?r=site/contact
HTTP_REFERER=http://localhost/SavantP/savant_fabogesic/app/index.php?r=site/index
---
2014/06/11 22:50:13 [error] [exception.CException] exception 'CException' with message 'CAssetManager.basePath "/Applications/MAMP/htdocs/SavantP/savant_fabogesic/app/assets" is invalid. Please make sure the directory exists and is writable by the Web server process.' in /Applications/MAMP/htdocs/SavantP/savant_fabogesic/framework/web/CAssetManager.php:138
Stack trace:
#0 /Applications/MAMP/htdocs/SavantP/savant_fabogesic/framework/web/CAssetManager.php(123): CAssetManager->setBasePath('/Applications/M...')
#1 /Applications/MAMP/htdocs/SavantP/savant_fabogesic/framework/web/CAssetManager.php(217): CAssetManager->getBasePath()
#2 /Applications/MAMP/htdocs/SavantP/savant_fabogesic/framework/web/CClientScript.php(511): CAssetManager->publish('/Applications/M...')
#3 /Applications/MAMP/htdocs/SavantP/savant_fabogesic/framework/web/CClientScript.php(548): CClientScript->getCoreScriptUrl()
#4 /Applications/MAMP/htdocs/SavantP/savant_fabogesic/framework/web/CClientScript.php(349): CClientScript->getPackageBaseUrl('jquery')
#5 /Applications/MAMP/htdocs/SavantP/savant_fabogesic/framework/web/CClientScript.php(208): CClientScript->renderCoreScripts()
#6 /Applications/MAMP/htdocs/SavantP/savant_fabogesic/framework/web/CController.php(351): CClientScript->render('<!DOCTYPE html>...')
#7 /Applications/MAMP/htdocs/SavantP/savant_fabogesic/framework/web/CController.php(788): CController->processOutput('<!DOCTYPE html>...')
#8 /Applications/MAMP/htdocs/SavantP/savant_fabogesic/app/protected/controllers/SiteController.php(72): CController->render('contact', Array)
#9 /Applications/MAMP/htdocs/SavantP/savant_fabogesic/framework/web/actions/CInlineAction.php(49): SiteController->actionContact()
#10 /Applications/MAMP/htdocs/SavantP/savant_fabogesic/framework/web/CController.php(308): CInlineAction->runWithParams(Array)
#11 /Applications/MAMP/htdocs/SavantP/savant_fabogesic/framework/web/CController.php(286): CController->runAction(Object(CInlineAction))
#12 /Applications/MAMP/htdocs/SavantP/savant_fabogesic/framework/web/CController.php(265): CController->runActionWithFilters(Object(CInlineAction), Array)
#13 /Applications/MAMP/htdocs/SavantP/savant_fabogesic/framework/web/CWebApplication.php(282): CController->run('contact')
#14 /Applications/MAMP/htdocs/SavantP/savant_fabogesic/framework/web/CWebApplication.php(141): CWebApplication->runController('site/contact')
#15 /Applications/MAMP/htdocs/SavantP/savant_fabogesic/framework/base/CApplication.php(184): CWebApplication->processRequest()
#16 /Applications/MAMP/htdocs/SavantP/savant_fabogesic/app/index.php(13): CApplication->run()
#17 {main}
REQUEST_URI=/SavantP/savant_fabogesic/app/index.php?r=site/contact
---
2014/06/11 22:50:20 [error] [exception.CException] exception 'CException' with message 'CAssetManager.basePath "/Applications/MAMP/htdocs/SavantP/savant_fabogesic/app/assets" is invalid. Please make sure the directory exists and is writable by the Web server process.' in /Applications/MAMP/htdocs/SavantP/savant_fabogesic/framework/web/CAssetManager.php:138
Stack trace:
#0 /Applications/MAMP/htdocs/SavantP/savant_fabogesic/framework/web/CAssetManager.php(123): CAssetManager->setBasePath('/Applications/M...')
#1 /Applications/MAMP/htdocs/SavantP/savant_fabogesic/framework/web/CAssetManager.php(217): CAssetManager->getBasePath()
#2 /Applications/MAMP/htdocs/SavantP/savant_fabogesic/framework/web/CClientScript.php(511): CAssetManager->publish('/Applications/M...')
#3 /Applications/MAMP/htdocs/SavantP/savant_fabogesic/framework/web/CClientScript.php(548): CClientScript->getCoreScriptUrl()
#4 /Applications/MAMP/htdocs/SavantP/savant_fabogesic/framework/web/CClientScript.php(349): CClientScript->getPackageBaseUrl('jquery')
#5 /Applications/MAMP/htdocs/SavantP/savant_fabogesic/framework/web/CClientScript.php(208): CClientScript->renderCoreScripts()
#6 /Applications/MAMP/htdocs/SavantP/savant_fabogesic/framework/web/CController.php(351): CClientScript->render('<!DOCTYPE html>...')
#7 /Applications/MAMP/htdocs/SavantP/savant_fabogesic/framework/web/CController.php(788): CController->processOutput('<!DOCTYPE html>...')
#8 /Applications/MAMP/htdocs/SavantP/savant_fabogesic/app/protected/controllers/SiteController.php(72): CController->render('contact', Array)
#9 /Applications/MAMP/htdocs/SavantP/savant_fabogesic/framework/web/actions/CInlineAction.php(49): SiteController->actionContact()
#10 /Applications/MAMP/htdocs/SavantP/savant_fabogesic/framework/web/CController.php(308): CInlineAction->runWithParams(Array)
#11 /Applications/MAMP/htdocs/SavantP/savant_fabogesic/framework/web/CController.php(286): CController->runAction(Object(CInlineAction))
#12 /Applications/MAMP/htdocs/SavantP/savant_fabogesic/framework/web/CController.php(265): CController->runActionWithFilters(Object(CInlineAction), Array)
#13 /Applications/MAMP/htdocs/SavantP/savant_fabogesic/framework/web/CWebApplication.php(282): CController->run('contact')
#14 /Applications/MAMP/htdocs/SavantP/savant_fabogesic/framework/web/CWebApplication.php(141): CWebApplication->runController('site/contact')
#15 /Applications/MAMP/htdocs/SavantP/savant_fabogesic/framework/base/CApplication.php(184): CWebApplication->processRequest()
#16 /Applications/MAMP/htdocs/SavantP/savant_fabogesic/app/index.php(13): CApplication->run()
#17 {main}
REQUEST_URI=/SavantP/savant_fabogesic/app/index.php?r=site/contact
HTTP_REFERER=http://localhost/SavantP/savant_fabogesic/app/index.php?r=site/page&view=about
---
2014/06/11 22:50:43 [error] [exception.CException] exception 'CException' with message 'CAssetManager.basePath "/Applications/MAMP/htdocs/SavantP/savant_fabogesic/app/assets" is invalid. Please make sure the directory exists and is writable by the Web server process.' in /Applications/MAMP/htdocs/SavantP/savant_fabogesic/framework/web/CAssetManager.php:138
Stack trace:
#0 /Applications/MAMP/htdocs/SavantP/savant_fabogesic/framework/web/CAssetManager.php(123): CAssetManager->setBasePath('/Applications/M...')
#1 /Applications/MAMP/htdocs/SavantP/savant_fabogesic/framework/web/CAssetManager.php(217): CAssetManager->getBasePath()
#2 /Applications/MAMP/htdocs/SavantP/savant_fabogesic/framework/web/CClientScript.php(511): CAssetManager->publish('/Applications/M...')
#3 /Applications/MAMP/htdocs/SavantP/savant_fabogesic/framework/web/CClientScript.php(548): CClientScript->getCoreScriptUrl()
#4 /Applications/MAMP/htdocs/SavantP/savant_fabogesic/framework/web/CClientScript.php(349): CClientScript->getPackageBaseUrl('jquery')
#5 /Applications/MAMP/htdocs/SavantP/savant_fabogesic/framework/web/CClientScript.php(208): CClientScript->renderCoreScripts()
#6 /Applications/MAMP/htdocs/SavantP/savant_fabogesic/framework/web/CController.php(351): CClientScript->render('<!DOCTYPE html>...')
#7 /Applications/MAMP/htdocs/SavantP/savant_fabogesic/framework/web/CController.php(788): CController->processOutput('<!DOCTYPE html>...')
#8 /Applications/MAMP/htdocs/SavantP/savant_fabogesic/app/protected/controllers/SiteController.php(72): CController->render('contact', Array)
#9 /Applications/MAMP/htdocs/SavantP/savant_fabogesic/framework/web/actions/CInlineAction.php(49): SiteController->actionContact()
#10 /Applications/MAMP/htdocs/SavantP/savant_fabogesic/framework/web/CController.php(308): CInlineAction->runWithParams(Array)
#11 /Applications/MAMP/htdocs/SavantP/savant_fabogesic/framework/web/CController.php(286): CController->runAction(Object(CInlineAction))
#12 /Applications/MAMP/htdocs/SavantP/savant_fabogesic/framework/web/CController.php(265): CController->runActionWithFilters(Object(CInlineAction), Array)
#13 /Applications/MAMP/htdocs/SavantP/savant_fabogesic/framework/web/CWebApplication.php(282): CController->run('contact')
#14 /Applications/MAMP/htdocs/SavantP/savant_fabogesic/framework/web/CWebApplication.php(141): CWebApplication->runController('site/contact')
#15 /Applications/MAMP/htdocs/SavantP/savant_fabogesic/framework/base/CApplication.php(184): CWebApplication->processRequest()
#16 /Applications/MAMP/htdocs/SavantP/savant_fabogesic/app/index.php(13): CApplication->run()
#17 {main}
REQUEST_URI=/SavantP/savant_fabogesic/app/index.php?r=site/contact
---
2014/06/11 22:58:38 [error] [exception.CException] exception 'CException' with message 'CAssetManager.basePath "/Applications/MAMP/htdocs/SavantP/savant_fabogesic/app/assets" is invalid. Please make sure the directory exists and is writable by the Web server process.' in /Applications/MAMP/htdocs/SavantP/savant_fabogesic/framework/web/CAssetManager.php:138
Stack trace:
#0 /Applications/MAMP/htdocs/SavantP/savant_fabogesic/framework/web/CAssetManager.php(123): CAssetManager->setBasePath('/Applications/M...')
#1 /Applications/MAMP/htdocs/SavantP/savant_fabogesic/framework/web/CAssetManager.php(217): CAssetManager->getBasePath()
#2 /Applications/MAMP/htdocs/SavantP/savant_fabogesic/framework/web/CClientScript.php(511): CAssetManager->publish('/Applications/M...')
#3 /Applications/MAMP/htdocs/SavantP/savant_fabogesic/framework/web/CClientScript.php(548): CClientScript->getCoreScriptUrl()
#4 /Applications/MAMP/htdocs/SavantP/savant_fabogesic/framework/web/CClientScript.php(349): CClientScript->getPackageBaseUrl('jquery')
#5 /Applications/MAMP/htdocs/SavantP/savant_fabogesic/framework/web/CClientScript.php(208): CClientScript->renderCoreScripts()
#6 /Applications/MAMP/htdocs/SavantP/savant_fabogesic/framework/web/CController.php(351): CClientScript->render('<!DOCTYPE html>...')
#7 /Applications/MAMP/htdocs/SavantP/savant_fabogesic/framework/web/CController.php(788): CController->processOutput('<!DOCTYPE html>...')
#8 /Applications/MAMP/htdocs/SavantP/savant_fabogesic/app/protected/controllers/SiteController.php(72): CController->render('contact', Array)
#9 /Applications/MAMP/htdocs/SavantP/savant_fabogesic/framework/web/actions/CInlineAction.php(49): SiteController->actionContact()
#10 /Applications/MAMP/htdocs/SavantP/savant_fabogesic/framework/web/CController.php(308): CInlineAction->runWithParams(Array)
#11 /Applications/MAMP/htdocs/SavantP/savant_fabogesic/framework/web/CController.php(286): CController->runAction(Object(CInlineAction))
#12 /Applications/MAMP/htdocs/SavantP/savant_fabogesic/framework/web/CController.php(265): CController->runActionWithFilters(Object(CInlineAction), Array)
#13 /Applications/MAMP/htdocs/SavantP/savant_fabogesic/framework/web/CWebApplication.php(282): CController->run('contact')
#14 /Applications/MAMP/htdocs/SavantP/savant_fabogesic/framework/web/CWebApplication.php(141): CWebApplication->runController('site/contact')
#15 /Applications/MAMP/htdocs/SavantP/savant_fabogesic/framework/base/CApplication.php(184): CWebApplication->processRequest()
#16 /Applications/MAMP/htdocs/SavantP/savant_fabogesic/app/index.php(13): CApplication->run()
#17 {main}
REQUEST_URI=/SavantP/savant_fabogesic/app/index.php?r=site/contact
HTTP_REFERER=http://localhost/SavantP/savant_fabogesic/app/index.php?r=site/page&view=about
---
